<?xml version="1.0" encoding="utf-8"?><testsuites name="pytest tests"><testsuite name="pytest" errors="0" failures="0" skipped="0" tests="49" time="18.831" timestamp="2026-09-11T19:48:38.002948+00:00" hostname="agent-env-3b13191b-6956-4ca9-89ca-7c2ddc2b8c4f"><testcase classname="tests.backend_test.TestProjects" name="test_create_project" time="0.666" /><testcase classname="tests.backend_test.TestProjects" name="test_list_projects" time="0.220" /><testcase classname="tests.backend_test.TestZoning" name="test_zoning_preview_no_persist" time="1.401" /><testcase classname="tests.backend_test.TestProjects" name="test_get_project" time="2.431" /><testcase classname="tests.backend_test.TestZoning" name="test_zoning_persist" time="0.379" /><testcase classname="tests.backend_test.TestZoning" name="test_zoning_missing_keys_400" time="0.198" /><testcase classname="tests.backend_test.TestZoning" name="test_zoning_extra_keys_400" time="0.149" /><testcase classname="tests.backend_test.TestZoning" name="test_zoning_negative_400" time="0.170" /><testcase classname="tests.backend_test.TestZoning" name="test_zoning_sum_off_400" time="0.185" /><testcase classname="tests.backend_test.TestZoning" name="test_zoning_unknown_project_404" time="0.156" /><testcase classname="tests.backend_test.TestZoning" name="test_zoning_unauth_401" time="0.156" /><testcase classname="tests.backend_test.TestZoning" name="test_zoning_with_boundary_clips" time="0.456" /><testcase classname="tests.backend_test.TestZoning" name="test_zoning_reset" time="5.351" /><testcase classname="tests.backend_test.TestProjects" name="test_zones" time="0.210" /><testcase classname="tests.backend_test.TestProjects" name="test_risks" time="0.147" /><testcase classname="tests.backend_test.TestProjects" name="test_chat" time="12.505" /><testcase classname="tests.backend_test.TestBoundary" name="test_put_boundary_feature_collection" time="0.499" /><testcase classname="tests.backend_test.TestBoundary" name="test_put_boundary_bare_polygon" time="0.195" /><testcase classname="tests.backend_test.TestBoundary" name="test_put_boundary_multipolygon" time="0.196" /><testcase classname="tests.backend_test.TestBoundary" name="test_put_boundary_invalid_returns_400" time="0.188" /><testcase classname="tests.backend_test.TestBoundary" name="test_put_boundary_unknown_project_404" time="0.153" /><testcase classname="tests.backend_test.TestBoundary" name="test_put_boundary_unauth_401" time="0.164" /><testcase classname="tests.backend_test.TestBoundary" name="test_delete_boundary_reverts" time="0.432" /><testcase classname="tests.backend_test.TestAutodesk" name="test_status_disconnected" time="0.165" /><testcase classname="tests.backend_test.TestAutodesk" name="test_connect_url" time="0.175" /><testcase classname="tests.backend_test.TestAutodesk" name="test_hubs_not_connected_409" time="0.166" /><testcase classname="tests.backend_test.TestAutodesk" name="test_hub_projects_not_connected_409" time="0.156" /><testcase classname="tests.backend_test.TestAutodesk" name="test_callback_invalid_state_redirects_error" time="0.138" /><testcase classname="tests.backend_test.TestAutodesk" name="test_callback_missing_state" time="0.154" /><testcase classname="tests.backend_test.TestSessionAuth" name="test_me_with_bearer_session_token" time="0.170" /><testcase classname="tests.backend_test.TestSessionAuth" name="test_me_with_cookie_session" time="0.164" /><testcase classname="tests.backend_test.TestSessionAuth" name="test_expired_session_401" time="0.194" /><testcase classname="tests.backend_test.TestSessionAuth" name="test_google_session_bogus" time="0.281" /><testcase classname="tests.backend_test.TestSessionAuth" name="test_logout_deletes_session" time="0.146" /><testcase classname="tests.backend_test.TestAuthExisting" name="test_demo_login" time="0.190" /><testcase classname="tests.backend_test.TestAuthExisting" name="test_me_with_bearer" time="0.175" /><testcase classname="tests.backend_test.TestAuthExisting" name="test_me_without_token" time="0.154" /><testcase classname="tests.backend_test.TestAuthExisting" name="test_register_and_login" time="1.190" /><testcase classname="tests.backend_test.TestAutodeskLink" name="test_link_without_connect_409" time="0.169" /><testcase classname="tests.backend_test.TestAutodeskLink" name="test_contents_without_link_404" time="0.196" /><testcase classname="tests.backend_test.TestAutodeskLink" name="test_unlink_idempotent" time="0.335" /><testcase classname="tests.backend_test.TestAutodeskLink" name="test_link_with_fake_token_then_contents_graceful" time="0.905" /><testcase classname="tests.backend_test.TestAutodeskPush" name="test_push_no_link_404" time="0.156" /><testcase classname="tests.backend_test.TestAutodeskPush" name="test_push_with_fake_token_graceful" time="0.663" /><testcase classname="tests.backend_test.TestProjects" name="test_search" time="0.157" /><testcase classname="tests.backend_test.TestProjects" name="test_delete_project" time="0.383" /><testcase classname="tests.backend_test.TestAutodeskPush" name="test_push_nothing_to_upload_400" time="0.730" /><testcase classname="tests.backend_test.TestScopeWarning" name="test_status_reports_older_scope" time="0.144" /><testcase classname="tests.backend_test" name="test_root" time="0.582" /></testsuite></testsuites>