<?xml version="1.0" encoding="utf-8"?><testsuites name="pytest tests"><testsuite name="pytest" errors="0" failures="0" skipped="0" tests="35" time="11.749" timestamp="2026-09-11T19:29:14.666709+00:00" hostname="agent-env-3b13191b-6956-4ca9-89ca-7c2ddc2b8c4f"><testcase classname="tests.backend_test.TestProjects" name="test_create_project" time="0.576" /><testcase classname="tests.backend_test.TestProjects" name="test_list_projects" time="0.230" /><testcase classname="tests.backend_test.TestBoundary" name="test_put_boundary_feature_collection" time="0.860" /><testcase classname="tests.backend_test.TestProjects" name="test_get_project" time="0.163" /><testcase classname="tests.backend_test.TestBoundary" name="test_put_boundary_bare_polygon" time="0.139" /><testcase classname="tests.backend_test.TestProjects" name="test_zones" time="0.190" /><testcase classname="tests.backend_test.TestBoundary" name="test_put_boundary_multipolygon" time="0.236" /><testcase classname="tests.backend_test.TestProjects" name="test_risks" time="0.250" /><testcase classname="tests.backend_test.TestBoundary" name="test_put_boundary_invalid_returns_400" time="0.138" /><testcase classname="tests.backend_test.TestBoundary" name="test_put_boundary_unknown_project_404" time="0.171" /><testcase classname="tests.backend_test.TestProjects" name="test_chat" time="8.607" /><testcase classname="tests.backend_test.TestBoundary" name="test_put_boundary_unauth_401" time="2.097" /><testcase classname="tests.backend_test.TestBoundary" name="test_delete_boundary_reverts" time="0.750" /><testcase classname="tests.backend_test.TestAutodesk" name="test_status_disconnected" time="0.145" /><testcase classname="tests.backend_test.TestAutodesk" name="test_connect_url" time="0.150" /><testcase classname="tests.backend_test.TestAutodesk" name="test_hubs_not_connected_409" time="0.152" /><testcase classname="tests.backend_test.TestAutodesk" name="test_hub_projects_not_connected_409" time="0.161" /><testcase classname="tests.backend_test.TestAutodesk" name="test_callback_invalid_state_redirects_error" time="0.161" /><testcase classname="tests.backend_test.TestAutodesk" name="test_callback_missing_state" time="0.167" /><testcase classname="tests.backend_test.TestSessionAuth" name="test_me_with_bearer_session_token" time="0.157" /><testcase classname="tests.backend_test.TestSessionAuth" name="test_me_with_cookie_session" time="0.160" /><testcase classname="tests.backend_test.TestSessionAuth" name="test_expired_session_401" time="0.165" /><testcase classname="tests.backend_test.TestSessionAuth" name="test_google_session_bogus" time="0.240" /><testcase classname="tests.backend_test.TestSessionAuth" name="test_logout_deletes_session" time="0.226" /><testcase classname="tests.backend_test.TestAuthExisting" name="test_demo_login" time="0.210" /><testcase classname="tests.backend_test.TestAuthExisting" name="test_me_with_bearer" time="0.190" /><testcase classname="tests.backend_test.TestAuthExisting" name="test_me_without_token" time="0.175" /><testcase classname="tests.backend_test.TestAuthExisting" name="test_register_and_login" time="1.123" /><testcase classname="tests.backend_test.TestAutodeskLink" name="test_link_without_connect_409" time="0.328" /><testcase classname="tests.backend_test.TestAutodeskLink" name="test_contents_without_link_404" time="0.148" /><testcase classname="tests.backend_test.TestAutodeskLink" name="test_unlink_idempotent" time="0.445" /><testcase classname="tests.backend_test.TestAutodeskLink" name="test_link_with_fake_token_then_contents_graceful" time="0.790" /><testcase classname="tests.backend_test" name="test_root" time="0.374" /><testcase classname="tests.backend_test.TestProjects" name="test_search" time="0.144" /><testcase classname="tests.backend_test.TestProjects" name="test_delete_project" time="0.374" /></testsuite></testsuites>